2024.08.30 17:17:35 INFO  Started: Metals version 1.3.5 in folders '/home/ptro/Code/un/TLP/Proyecto_Scala' for client Visual Studio Code 1.92.2.
SLF4J(W): Class path contains multiple SLF4J providers.
SLF4J(W): Found provider [scribe.slf4j.ScribeServiceProvider@7e5ef5e2]
SLF4J(W): Found provider [ch.qos.logback.classic.spi.LogbackServiceProvider@6b9e7497]
SLF4J(W): See https://www.slf4j.org/codes.html#multiple_bindings for an explanation.
SLF4J(I): Actual provider is of type [scribe.slf4j.ScribeServiceProvider@7e5ef5e2]
2024.08.30 17:17:35 WARN  Flyway upgrade recommended: H2 2.3.230 is newer than this version of Flyway and support has not been tested. The latest supported version of H2 is 2.2.220.
2024.08.30 17:17:36 INFO  no build target found for /home/ptro/Code/un/TLP/Proyecto_Scala/src/main/scala/Museo/Tipologia.scala. Using presentation compiler with project's scala-library version: 3.3.3
2024.08.30 17:17:59 INFO  no build target found for /home/ptro/Code/un/TLP/Proyecto_Scala/src/main/scala/Museo/OrganizarPorAño.scala. Using presentation compiler with project's scala-library version: 3.3.3
2024.08.30 17:17:59 WARN  no build target for: /home/ptro/Code/un/TLP/Proyecto_Scala/src/main/scala/Museo/OrganizarPorAño.scala
2024.08.30 17:17:59 INFO  no build target found for /home/ptro/Code/un/TLP/Proyecto_Scala/src/main/scala/Museo/OrganizarPorAño.scala. Using presentation compiler with project's scala-library version: 3.3.3
2024.08.30 17:17:59 INFO  no build target found for /home/ptro/Code/un/TLP/Proyecto_Scala/src/main/scala/Museo/Tipologia.scala. Using presentation compiler with project's scala-library version: 3.3.3
2024.08.30 17:17:59 WARN  no build target for: /home/ptro/Code/un/TLP/Proyecto_Scala/src/main/scala/Museo/OrganizarPorAño.scala
2024.08.30 17:17:59 INFO  no build target found for /home/ptro/Code/un/TLP/Proyecto_Scala/src/main/scala/Museo/OrganizarPorAño.scala. Using presentation compiler with project's scala-library version: 3.3.3
2024.08.30 17:18:00 WARN  no build target for: /home/ptro/Code/un/TLP/Proyecto_Scala/src/main/scala/Museo/OrganizarPorAño.scala
2024.08.30 17:18:00 INFO  no build target found for /home/ptro/Code/un/TLP/Proyecto_Scala/src/main/scala/Museo/OrganizarPorAño.scala. Using presentation compiler with project's scala-library version: 3.3.3
2024.08.30 17:18:00 WARN  no build target for: /home/ptro/Code/un/TLP/Proyecto_Scala/src/main/scala/Museo/OrganizarPorAño.scala
2024.08.30 17:18:00 INFO  no build target found for /home/ptro/Code/un/TLP/Proyecto_Scala/src/main/scala/Museo/OrganizarPorAño.scala. Using presentation compiler with project's scala-library version: 3.3.3
2024.08.30 17:18:01 INFO  no build target found for /home/ptro/Code/un/TLP/Proyecto_Scala/src/main/scala/Museo/OrganizarPorAño.scala. Using presentation compiler with project's scala-library version: 3.3.3
2024.08.30 17:18:01 INFO  no build target found for /home/ptro/Code/un/TLP/Proyecto_Scala/src/main/scala/Museo/OrganizarPorAño.scala. Using presentation compiler with project's scala-library version: 3.3.3
2024.08.30 17:18:01 INFO  no build target found for /home/ptro/Code/un/TLP/Proyecto_Scala/src/main/scala/Museo/OrganizarPorAño.scala. Using presentation compiler with project's scala-library version: 3.3.3
2024.08.30 17:18:01 INFO  no build target found for /home/ptro/Code/un/TLP/Proyecto_Scala/src/main/scala/Museo/OrganizarPorAño.scala. Using presentation compiler with project's scala-library version: 3.3.3
2024.08.30 17:18:01 INFO  no build target found for /home/ptro/Code/un/TLP/Proyecto_Scala/src/main/scala/Museo/OrganizarPorAño.scala. Using presentation compiler with project's scala-library version: 3.3.3
2024.08.30 17:18:01 INFO  no build target found for /home/ptro/Code/un/TLP/Proyecto_Scala/src/main/scala/Museo/OrganizarPorAño.scala. Using presentation compiler with project's scala-library version: 3.3.3
2024.08.30 17:18:03 INFO  no build target found for /home/ptro/Code/un/TLP/Proyecto_Scala/src/main/scala/Museo/OrganizarPorAño.scala. Using presentation compiler with project's scala-library version: 3.3.3
2024.08.30 17:18:03 INFO  no build target found for /home/ptro/Code/un/TLP/Proyecto_Scala/src/main/scala/Museo/OrganizarPorAño.scala. Using presentation compiler with project's scala-library version: 3.3.3
2024.08.30 17:18:05 INFO  no build target found for /home/ptro/Code/un/TLP/Proyecto_Scala/src/main/scala/Museo/OrganizarPorAño.scala. Using presentation compiler with project's scala-library version: 3.3.3
2024.08.30 17:18:05 INFO  no build target found for /home/ptro/Code/un/TLP/Proyecto_Scala/src/main/scala/Museo/OrganizarPorAño.scala. Using presentation compiler with project's scala-library version: 3.3.3
2024.08.30 17:18:05 INFO  no build target found for /home/ptro/Code/un/TLP/Proyecto_Scala/src/main/scala/Museo/OrganizarPorAño.scala. Using presentation compiler with project's scala-library version: 3.3.3
2024.08.30 17:18:05 INFO  no build target found for /home/ptro/Code/un/TLP/Proyecto_Scala/src/main/scala/Museo/OrganizarPorAño.scala. Using presentation compiler with project's scala-library version: 3.3.3
2024.08.30 17:18:05 INFO  no build target found for /home/ptro/Code/un/TLP/Proyecto_Scala/src/main/scala/Museo/OrganizarPorAño.scala. Using presentation compiler with project's scala-library version: 3.3.3
2024.08.30 17:18:06 INFO  no build target found for /home/ptro/Code/un/TLP/Proyecto_Scala/src/main/scala/Museo/OrganizarPorAño.scala. Using presentation compiler with project's scala-library version: 3.3.3
2024.08.30 17:18:06 INFO  no build target found for /home/ptro/Code/un/TLP/Proyecto_Scala/src/main/scala/Museo/OrganizarPorAño.scala. Using presentation compiler with project's scala-library version: 3.3.3
2024.08.30 17:18:07 INFO  no build target found for /home/ptro/Code/un/TLP/Proyecto_Scala/src/main/scala/Museo/OrganizarPorAño.scala. Using presentation compiler with project's scala-library version: 3.3.3
2024.08.30 17:18:07 INFO  no build target found for /home/ptro/Code/un/TLP/Proyecto_Scala/src/main/scala/Museo/OrganizarPorAño.scala. Using presentation compiler with project's scala-library version: 3.3.3
2024.08.30 17:18:10 INFO  no build target found for /home/ptro/Code/un/TLP/Proyecto_Scala/src/main/scala/Museo/OrganizarPorAño.scala. Using presentation compiler with project's scala-library version: 3.3.3
2024.08.30 17:18:10 INFO  no build target found for /home/ptro/Code/un/TLP/Proyecto_Scala/src/main/scala/Museo/OrganizarPorAño.scala. Using presentation compiler with project's scala-library version: 3.3.3
2024.08.30 17:18:10 INFO  no build target found for /home/ptro/Code/un/TLP/Proyecto_Scala/src/main/scala/Museo/OrganizarPorAño.scala. Using presentation compiler with project's scala-library version: 3.3.3
2024.08.30 17:18:10 INFO  no build target found for /home/ptro/Code/un/TLP/Proyecto_Scala/src/main/scala/Museo/OrganizarPorAño.scala. Using presentation compiler with project's scala-library version: 3.3.3
2024.08.30 17:18:10 INFO  no build target found for /home/ptro/Code/un/TLP/Proyecto_Scala/src/main/scala/Museo/OrganizarPorAño.scala. Using presentation compiler with project's scala-library version: 3.3.3
2024.08.30 17:18:11 INFO  no build target found for /home/ptro/Code/un/TLP/Proyecto_Scala/src/main/scala/Museo/OrganizarPorAño.scala. Using presentation compiler with project's scala-library version: 3.3.3
2024.08.30 17:18:11 INFO  no build target found for /home/ptro/Code/un/TLP/Proyecto_Scala/src/main/scala/Museo/OrganizarPorAño.scala. Using presentation compiler with project's scala-library version: 3.3.3
2024.08.30 17:18:11 INFO  no build target found for /home/ptro/Code/un/TLP/Proyecto_Scala/src/main/scala/Museo/OrganizarPorAño.scala. Using presentation compiler with project's scala-library version: 3.3.3
2024.08.30 17:18:11 INFO  no build target found for /home/ptro/Code/un/TLP/Proyecto_Scala/src/main/scala/Museo/OrganizarPorAño.scala. Using presentation compiler with project's scala-library version: 3.3.3
2024.08.30 17:18:11 INFO  no build target found for /home/ptro/Code/un/TLP/Proyecto_Scala/src/main/scala/Museo/OrganizarPorAño.scala. Using presentation compiler with project's scala-library version: 3.3.3
2024.08.30 17:18:11 INFO  no build target found for /home/ptro/Code/un/TLP/Proyecto_Scala/src/main/scala/Museo/OrganizarPorAño.scala. Using presentation compiler with project's scala-library version: 3.3.3
2024.08.30 17:18:11 INFO  no build target found for /home/ptro/Code/un/TLP/Proyecto_Scala/src/main/scala/Museo/OrganizarPorAño.scala. Using presentation compiler with project's scala-library version: 3.3.3
2024.08.30 17:18:11 INFO  no build target found for /home/ptro/Code/un/TLP/Proyecto_Scala/src/main/scala/Museo/OrganizarPorAño.scala. Using presentation compiler with project's scala-library version: 3.3.3
2024.08.30 17:18:12 INFO  no build target found for /home/ptro/Code/un/TLP/Proyecto_Scala/src/main/scala/Museo/OrganizarPorAño.scala. Using presentation compiler with project's scala-library version: 3.3.3
2024.08.30 17:18:11 INFO  no build target found for /home/ptro/Code/un/TLP/Proyecto_Scala/src/main/scala/Museo/OrganizarPorAño.scala. Using presentation compiler with project's scala-library version: 3.3.3
2024.08.30 17:18:11 INFO  no build target found for /home/ptro/Code/un/TLP/Proyecto_Scala/src/main/scala/Museo/OrganizarPorAño.scala. Using presentation compiler with project's scala-library version: 3.3.3
2024.08.30 17:18:12 INFO  no build target found for /home/ptro/Code/un/TLP/Proyecto_Scala/src/main/scala/Museo/OrganizarPorAño.scala. Using presentation compiler with project's scala-library version: 3.3.3
2024.08.30 17:18:12 INFO  no build target found for /home/ptro/Code/un/TLP/Proyecto_Scala/src/main/scala/Museo/OrganizarPorAño.scala. Using presentation compiler with project's scala-library version: 3.3.3
2024.08.30 17:18:12 INFO  no build target found for /home/ptro/Code/un/TLP/Proyecto_Scala/src/main/scala/Museo/OrganizarPorAño.scala. Using presentation compiler with project's scala-library version: 3.3.3
2024.08.30 17:18:12 INFO  no build target found for /home/ptro/Code/un/TLP/Proyecto_Scala/src/main/scala/Museo/OrganizarPorAño.scala. Using presentation compiler with project's scala-library version: 3.3.3
2024.08.30 17:18:12 INFO  no build target found for /home/ptro/Code/un/TLP/Proyecto_Scala/src/main/scala/Museo/OrganizarPorAño.scala. Using presentation compiler with project's scala-library version: 3.3.3
2024.08.30 17:18:12 INFO  no build target found for /home/ptro/Code/un/TLP/Proyecto_Scala/src/main/scala/Museo/OrganizarPorAño.scala. Using presentation compiler with project's scala-library version: 3.3.3
2024.08.30 17:18:13 INFO  no build target found for /home/ptro/Code/un/TLP/Proyecto_Scala/src/main/scala/Museo/OrganizarPorAño.scala. Using presentation compiler with project's scala-library version: 3.3.3
2024.08.30 17:18:12 INFO  no build target found for /home/ptro/Code/un/TLP/Proyecto_Scala/src/main/scala/Museo/OrganizarPorAño.scala. Using presentation compiler with project's scala-library version: 3.3.3
2024.08.30 17:18:13 INFO  no build target found for /home/ptro/Code/un/TLP/Proyecto_Scala/src/main/scala/Museo/OrganizarPorAño.scala. Using presentation compiler with project's scala-library version: 3.3.3
2024.08.30 17:18:14 INFO  no build target found for /home/ptro/Code/un/TLP/Proyecto_Scala/src/main/scala/Museo/OrganizarPorAño.scala. Using presentation compiler with project's scala-library version: 3.3.3
2024.08.30 17:18:14 INFO  no build target found for /home/ptro/Code/un/TLP/Proyecto_Scala/src/main/scala/Museo/OrganizarPorAño.scala. Using presentation compiler with project's scala-library version: 3.3.3
2024.08.30 17:18:14 INFO  no build target found for /home/ptro/Code/un/TLP/Proyecto_Scala/src/main/scala/Museo/OrganizarPorAño.scala. Using presentation compiler with project's scala-library version: 3.3.3
2024.08.30 17:18:14 INFO  no build target found for /home/ptro/Code/un/TLP/Proyecto_Scala/src/main/scala/Museo/OrganizarPorAño.scala. Using presentation compiler with project's scala-library version: 3.3.3
2024.08.30 17:18:14 INFO  no build target found for /home/ptro/Code/un/TLP/Proyecto_Scala/src/main/scala/Museo/OrganizarPorAño.scala. Using presentation compiler with project's scala-library version: 3.3.3
2024.08.30 17:18:14 INFO  no build target found for /home/ptro/Code/un/TLP/Proyecto_Scala/src/main/scala/Museo/OrganizarPorAño.scala. Using presentation compiler with project's scala-library version: 3.3.3
2024.08.30 17:18:14 INFO  no build target found for /home/ptro/Code/un/TLP/Proyecto_Scala/src/main/scala/Museo/OrganizarPorAño.scala. Using presentation compiler with project's scala-library version: 3.3.3
2024.08.30 17:18:14 INFO  no build target found for /home/ptro/Code/un/TLP/Proyecto_Scala/src/main/scala/Museo/OrganizarPorAño.scala. Using presentation compiler with project's scala-library version: 3.3.3
2024.08.30 17:18:14 INFO  no build target found for /home/ptro/Code/un/TLP/Proyecto_Scala/src/main/scala/Museo/OrganizarPorAño.scala. Using presentation compiler with project's scala-library version: 3.3.3
2024.08.30 17:18:14 INFO  no build target found for /home/ptro/Code/un/TLP/Proyecto_Scala/src/main/scala/Museo/OrganizarPorAño.scala. Using presentation compiler with project's scala-library version: 3.3.3
2024.08.30 17:18:15 INFO  no build target found for /home/ptro/Code/un/TLP/Proyecto_Scala/src/main/scala/Museo/OrganizarPorAño.scala. Using presentation compiler with project's scala-library version: 3.3.3
2024.08.30 17:18:15 INFO  no build target found for /home/ptro/Code/un/TLP/Proyecto_Scala/src/main/scala/Museo/OrganizarPorAño.scala. Using presentation compiler with project's scala-library version: 3.3.3
2024.08.30 17:18:15 INFO  no build target found for /home/ptro/Code/un/TLP/Proyecto_Scala/src/main/scala/Museo/OrganizarPorAño.scala. Using presentation compiler with project's scala-library version: 3.3.3
2024.08.30 17:18:15 INFO  no build target found for /home/ptro/Code/un/TLP/Proyecto_Scala/src/main/scala/Museo/OrganizarPorAño.scala. Using presentation compiler with project's scala-library version: 3.3.3
2024.08.30 17:18:15 INFO  no build target found for /home/ptro/Code/un/TLP/Proyecto_Scala/src/main/scala/Museo/OrganizarPorAño.scala. Using presentation compiler with project's scala-library version: 3.3.3
2024.08.30 17:18:15 INFO  no build target found for /home/ptro/Code/un/TLP/Proyecto_Scala/src/main/scala/Museo/OrganizarPorAño.scala. Using presentation compiler with project's scala-library version: 3.3.3
2024.08.30 17:18:15 INFO  no build target found for /home/ptro/Code/un/TLP/Proyecto_Scala/src/main/scala/Museo/OrganizarPorAño.scala. Using presentation compiler with project's scala-library version: 3.3.3
2024.08.30 17:18:16 INFO  no build target found for /home/ptro/Code/un/TLP/Proyecto_Scala/src/main/scala/Museo/OrganizarPorAño.scala. Using presentation compiler with project's scala-library version: 3.3.3
2024.08.30 17:20:17 INFO  no build target found for /home/ptro/Code/un/TLP/Proyecto_Scala/src/main/scala/Museo/OrganizarPorAño.scala. Using presentation compiler with project's scala-library version: 3.3.3
2024.08.30 17:20:18 INFO  no build target found for /home/ptro/Code/un/TLP/Proyecto_Scala/src/main/scala/Museo/OrganizarPorAño.scala. Using presentation compiler with project's scala-library version: 3.3.3
2024.08.30 17:20:21 INFO  no build target found for /home/ptro/Code/un/TLP/Proyecto_Scala/src/main/scala/Museo/OrganizarPorAño.scala. Using presentation compiler with project's scala-library version: 3.3.3
2024.08.30 17:20:21 INFO  no build target found for /home/ptro/Code/un/TLP/Proyecto_Scala/src/main/scala/Museo/OrganizarPorAño.scala. Using presentation compiler with project's scala-library version: 3.3.3
2024.08.30 17:20:22 INFO  no build target found for /home/ptro/Code/un/TLP/Proyecto_Scala/src/main/scala/Museo/OrganizarPorAño.scala. Using presentation compiler with project's scala-library version: 3.3.3
2024.08.30 17:20:38 WARN  no build target for: /home/ptro/Code/un/TLP/Proyecto_Scala/src/main/scala/Museo/OrganizarPorAño.scala
2024.08.30 17:20:38 INFO  no build target found for /home/ptro/Code/un/TLP/Proyecto_Scala/src/main/scala/Museo/OrganizarPorAño.scala. Using presentation compiler with project's scala-library version: 3.3.3
2024.08.30 17:20:38 INFO  no build target found for /home/ptro/Code/un/TLP/Proyecto_Scala/src/main/scala/Museo/OrganizarPorAño.scala. Using presentation compiler with project's scala-library version: 3.3.3
2024.08.30 17:20:39 WARN  no build target for: /home/ptro/Code/un/TLP/Proyecto_Scala/src/main/scala/Museo/OrganizarPorAño.scala
2024.08.30 17:20:39 INFO  no build target found for /home/ptro/Code/un/TLP/Proyecto_Scala/src/main/scala/Museo/OrganizarPorAño.scala. Using presentation compiler with project's scala-library version: 3.3.3
2024.08.30 17:20:40 INFO  Shutting down server
2024.08.30 17:20:40 INFO  shutting down Metals
2024.08.30 17:20:40 INFO  Exiting server
2024.08.30 23:58:13 INFO  Started: Metals version 1.3.5 in folders '/home/ptro/Code/un/TLP/Proyecto_Scala' for client Visual Studio Code 1.92.2.
SLF4J(W): Class path contains multiple SLF4J providers.
SLF4J(W): Found provider [scribe.slf4j.ScribeServiceProvider@2fcaf8f7]
SLF4J(W): Found provider [ch.qos.logback.classic.spi.LogbackServiceProvider@61ece156]
SLF4J(W): See https://www.slf4j.org/codes.html#multiple_bindings for an explanation.
SLF4J(I): Actual provider is of type [scribe.slf4j.ScribeServiceProvider@2fcaf8f7]
2024.08.30 23:58:13 WARN  Flyway upgrade recommended: H2 2.3.230 is newer than this version of Flyway and support has not been tested. The latest supported version of H2 is 2.2.220.
2024.08.30 23:58:14 INFO  no build target found for /home/ptro/Code/un/TLP/Proyecto_Scala/src/main/scala/Museo/OrganizarPorAño.scala. Using presentation compiler with project's scala-library version: 3.3.3
2024.08.30 23:58:37 INFO  no build target found for /home/ptro/Code/un/TLP/Proyecto_Scala/src/main/scala/Museo/OrganizarPorAño.scala. Using presentation compiler with project's scala-library version: 3.3.3
2024.08.30 23:58:39 INFO  no build target found for /home/ptro/Code/un/TLP/Proyecto_Scala/src/main/scala/Museo/OrganizarPorAño.scala. Using presentation compiler with project's scala-library version: 3.3.3
